\BOOKMARK [1][-]{section.1}{\376\377\321\265\254\304\325\131\307\164\267\200\000?}{}% 1
\BOOKMARK [2][-]{subsection.1.1}{\376\377\000W\000h\000a\000t\000,\000\040\000H\000o\000w\000,\000\040\000W\000h\000y}{section.1}% 2
\BOOKMARK [3][-]{subsubsection.1.1.1}{\376\377\000W\000h\000a\000t}{subsection.1.1}% 3
\BOOKMARK [3][-]{subsubsection.1.1.2}{\376\377\000H\000o\000w}{subsection.1.1}% 4
\BOOKMARK [3][-]{subsubsection.1.1.3}{\376\377\000W\000h\000y}{subsection.1.1}% 5
\BOOKMARK [2][-]{subsection.1.2}{\376\377\321\265\254\304\325\131\307\130\000\040\254\000\307\245\000\040\256\060\274\370\310\001\307\170\000\040\254\034\261\120}{section.1}% 6
\BOOKMARK [3][-]{subsubsection.1.2.1}{\376\377\272\250\311\321\262\350\000\040\000V\000S\000\040\324\134\274\370}{subsection.1.2}% 7
\BOOKMARK [3][-]{subsubsection.1.2.2}{\376\377\272\250\302\030}{subsection.1.2}% 8
\BOOKMARK [2][-]{subsection.1.3}{\376\377\307\220\270\314\326\025}{section.1}% 9
\BOOKMARK [3][-]{subsubsection.1.3.1}{\376\377\305\221\310\001\307\220\270\314\000\040\000v\000s\000\040\311\310\310\001\307\220\270\314}{subsection.1.3}% 10
\BOOKMARK [3][-]{subsubsection.1.3.2}{\376\377\307\220\270\314\307\130\000\040\324\134\326\004}{subsection.1.3}% 11
\BOOKMARK [1][-]{section.2}{\376\377\326\125\271\140\000\050\000P\000r\000o\000b\000a\000b\000i\000l\000i\000t\000y\000\051}{}% 12
\BOOKMARK [2][-]{subsection.2.1}{\376\377\306\134\000\040\326\125\271\140\307\104\000?}{section.2}% 13
\BOOKMARK [3][-]{subsubsection.2.1.1}{\376\377\324\134\274\370\254\365\254\004}{subsection.2.1}% 14
\BOOKMARK [2][-]{subsection.2.2}{\376\377\326\125\271\140\307\130\000\040\254\034\261\120}{section.2}% 15
\BOOKMARK [3][-]{subsubsection.2.2.1}{\376\377\254\340\310\004\310\001\000\040\254\034\261\120}{subsection.2.2}% 16
\BOOKMARK [3][-]{subsubsection.2.2.2}{\376\377\300\301\263\000\263\304\302\030\310\001\000\040\254\034\261\120}{subsection.2.2}% 17
\BOOKMARK [3][-]{subsubsection.2.2.3}{\376\377\310\374\255\000\310\001\000\040\326\125\271\140}{subsection.2.2}% 18
\BOOKMARK [2][-]{subsection.2.3}{\376\377\326\125\271\140\307\130\000\040\254\365\271\254}{section.2}% 19
\BOOKMARK [2][-]{subsection.2.4}{\376\377\274\060\274\030\300\254\254\164\254\374\000\040\263\305\271\275\300\254\254\164}{section.2}% 20
\BOOKMARK [2][-]{subsection.2.5}{\376\377\310\160\254\164\275\200\326\125\271\140\254\374\000\040\274\240\307\164\311\210\310\025\271\254}{section.2}% 21
\BOOKMARK [1][-]{section.3}{\376\377\326\125\271\140\274\300\302\030}{}% 22
\BOOKMARK [2][-]{subsection.3.1}{\376\377\326\125\271\140\274\300\302\030\307\130\000\040\325\104\306\224\301\061}{section.3}% 23
\BOOKMARK [2][-]{subsection.3.2}{\376\377\326\125\271\140\274\300\302\030\000\040\000\050\000R\000a\000n\000d\000o\000m\000\040\000V\000a\000r\000i\000a\000b\000l\000e\000\051}{section.3}% 24
\BOOKMARK [3][-]{subsubsection.3.2.1}{\376\377\326\125\271\140\274\300\302\030\000\050\000R\000a\000n\000d\000o\000m\000\040\000V\000a\000r\000i\000a\000b\000l\000e\000\051\307\130\000\040\310\205\271\130}{subsection.3.2}% 25
\BOOKMARK [2][-]{subsection.3.3}{\376\377\326\125\271\140\275\204\323\354\000\040\000\050\000P\000r\000o\000b\000a\000b\000i\000l\000i\000t\000y\000\040\000D\000i\000s\000t\000r\000i\000b\000u\000t\000i\000o\000n\000\051}{section.3}% 26
\BOOKMARK [2][-]{subsection.3.4}{\376\377\307\164\300\260\326\025\000\040\326\125\271\140\275\204\323\354}{section.3}% 27
\BOOKMARK [3][-]{subsubsection.3.4.1}{\376\377\274\240\271\164\262\004\307\164\000\040\275\204\323\354\000\040\000\050\000B\000e\000r\000n\000o\000u\000l\000l\000i\000\040\000D\000i\000s\000t\000r\000i\000b\000u\000t\000i\000o\000n\000\051}{subsection.3.4}% 28
\BOOKMARK [3][-]{subsubsection.3.4.2}{\376\377\307\164\325\155\275\204\323\354\000\040\000\050\000B\000i\000n\000o\000m\000i\000a\000l\000\040\000D\000i\000s\000t\000r\000i\000b\000u\000t\000i\000o\000n\000\051}{subsection.3.4}% 29
\BOOKMARK [3][-]{subsubsection.3.4.3}{\376\377\262\344\325\155\275\204\323\354\000\040\000\050\000M\000u\000l\000t\000i\000n\000o\000m\000i\000a\000l\000\040\000D\000i\000s\000t\000r\000i\000b\000u\000t\000i\000o\000n\000\051}{subsection.3.4}% 30
\BOOKMARK [3][-]{subsubsection.3.4.4}{\376\377\323\354\305\104\301\241\275\204\323\354\000\050\000P\000o\000i\000s\000s\000o\000n\000\040\000D\000i\000s\000t\000r\000i\000b\000u\000t\000i\000o\000n\000\051}{subsection.3.4}% 31
\BOOKMARK [3][-]{subsubsection.3.4.5}{\376\377\307\164\325\155\275\204\323\354\306\100\000\040\323\354\305\104\301\241\275\204\323\354}{subsection.3.4}% 32
\BOOKMARK [2][-]{subsection.3.5}{\376\377\305\360\301\215\326\025\000\040\326\125\271\140\275\204\323\354}{section.3}% 33
\BOOKMARK [3][-]{subsubsection.3.5.1}{\376\377\310\025\255\334\275\204\323\354}{subsection.3.5}% 34
\BOOKMARK [3][-]{subsubsection.3.5.2}{\376\377\324\134\311\000\310\025\255\334\275\204\323\354}{subsection.3.5}% 35
\BOOKMARK [3][-]{subsubsection.3.5.3}{\376\377\316\164\307\164\310\034\254\361\275\204\323\354\000\040\000\050\000C\000h\000i\000-\000S\000q\000u\000a\000r\000e\000\040\000D\000i\000s\000t\000r\000i\000b\000u\000t\000i\000o\000n\000\051}{subsection.3.5}% 36
\BOOKMARK [3][-]{subsubsection.3.5.4}{\376\377\000t\275\204\323\354\000\040\000\050\000t\000-\000D\000i\000s\000t\000r\000i\000b\000u\000t\000i\000o\000n\000\051}{subsection.3.5}% 37
\BOOKMARK [3][-]{subsubsection.3.5.5}{\376\377\000F\275\204\323\354\000\040\000\050\000F\000-\000D\000i\000s\000t\000r\000i\000b\000u\000t\000i\000o\000n\000\051}{subsection.3.5}% 38
\BOOKMARK [1][-]{section.4}{\376\377\000A\000l\000l\000\040\000m\000o\000d\000e\000l\000s\000\040\000a\000r\000e\000\040\000w\000r\000o\000n\000g\000,\000\040\000b\000u\000t\000\040\000s\000o\000m\000e\000\040\000a\000r\000e\000\040\000u\000s\000e\000f\000u\000l\000.}{}% 39
\BOOKMARK [1][-]{section.5}{\376\377\314\070\254\340\307\220\270\314}{}% 40
